# JRE version: Java(TM) SE Runtime Environment (8.0_191-b12) (build 1.8.0_191-b12)
# Java VM: Java HotSpot(TM) 64-Bit Server VM (25.191-b12 mixed mode windows-amd64 compressed oops)
Heap:
 PSYoungGen      total 105984K, used 105960K [0x0000000780b80000, 0x0000000787a80000, 0x00000007c0000000)
  eden space 98304K, 100% used [0x0000000780b80000,0x0000000786b80000,0x0000000786b80000)
  from space 7680K, 99% used [0x0000000787300000,0x0000000787a7a020,0x0000000787a80000)
  to   space 7680K, 99% used [0x0000000786b80000,0x00000007872fa020,0x0000000787300000)
 ParOldGen       total 130048K, used 14208K [0x0000000702200000, 0x000000070a100000, 0x0000000780b80000)
  object space 130048K, 10% used [0x0000000702200000,0x0000000702fe0000,0x000000070a100000)
 Metaspace       used 4304K, capacity 4874K, committed 5120K, reserved 1056768K
  class space    used 452K, capacity 498K, committed 512K, reserved 1048576K
GC Heap History (5 events):
Event: 0.392 GC heap before
{Heap before GC invocations=1 (full 0):
 PSYoungGen      total 56832K, used 49152K [0x0000000780b80000, 0x0000000784a80000, 0x00000007c0000000)
  eden space 49152K, 100% used [0x0000000780b80000,0x0000000783b80000,0x0000000783b80000)
  from space 7680K, 0% used [0x0000000784300000,0x0000000784300000,0x0000000784a80000)
  to   space 7680K, 0% used [0x0000000783b80000,0x0000000783b80000,0x0000000784300000)
 ParOldGen       total 130048K, used 0K [0x0000000702200000, 0x000000070a100000, 0x0000000780b80000)
  object space 130048K, 0% used [0x0000000702200000,0x0000000702200000,0x000000070a100000)
 Metaspace       used 3421K, capacity 4568K, committed 4864K, reserved 1056768K
  class space    used 363K, capacity 392K, committed 512K, reserved 1048576K
Event: 0.407 GC heap after
Heap after GC invocations=1 (full 0):
 PSYoungGen      total 56832K, used 5928K [0x0000000780b80000, 0x0000000787a80000, 0x00000007c0000000)
  eden space 49152K, 0% used [0x0000000780b80000,0x0000000780b80000,0x0000000783b80000)
  from space 7680K, 77% used [0x0000000783b80000,0x000000078414a020,0x0000000784300000)
  to   space 7680K, 0% used [0x0000000787300000,0x0000000787300000,0x0000000787a80000)
 ParOldGen       total 130048K, used 8K [0x0000000702200000, 0x000000070a100000, 0x0000000780b80000)
  object space 130048K, 0% used [0x0000000702200000,0x0000000702202000,0x000000070a100000)
 Metaspace       used 3421K, capacity 4568K, committed 4864K, reserved 1056768K
  class space    used 363K, capacity 392K, committed 512K, reserved 1048576K
}
Event: 0.456 GC heap before
{Heap before GC invocations=2 (full 0):
 PSYoungGen      total 56832K, used 55080K [0x0000000780b80000, 0x0000000787a80000, 0x00000007c0000000)
  eden space 49152K, 100% used [0x0000000780b80000,0x0000000783b80000,0x0000000783b80000)
  from space 7680K, 77% used [0x0000000783b80000,0x000000078414a020,0x0000000784300000)
  to   space 7680K, 0% used [0x0000000787300000,0x0000000787300000,0x0000000787a80000)
 ParOldGen       total 130048K, used 8K [0x0000000702200000, 0x000000070a100000, 0x0000000780b80000)
  object space 130048K, 0% used [0x0000000702200000,0x0000000702202000,0x000000070a100000)
 Metaspace       used 3436K, capacity 4568K, committed 4864K, reserved 1056768K
  class space    used 363K, capacity 392K, committed 512K, reserved 1048576K
Event: 0.488 GC heap after
Heap after GC invocations=2 (full 0):
 PSYoungGen      total 105984K, used 7656K [0x0000000780b80000, 0x0000000787a80000, 0x00000007c0000000)
  eden space 98304K, 0% used [0x0000000780b80000,0x0000000780b80000,0x0000000786b80000)
  from space 7680K, 99% used [0x0000000787300000,0x0000000787a7a020,0x0000000787a80000)
  to   space 7680K, 0% used [0x0000000786b80000,0x0000000786b80000,0x0000000787300000)
 ParOldGen       total 130048K, used 3880K [0x0000000702200000, 0x000000070a100000, 0x0000000780b80000)
  object space 130048K, 2% used [0x0000000702200000,0x00000007025ca000,0x000000070a100000)
 Metaspace       used 3436K, capacity 4568K, committed 4864K, reserved 1056768K
  class space    used 363K, capacity 392K, committed 512K, reserved 1048576K
}
Event: 10.282 GC heap before
{Heap before GC invocations=3 (full 0):
 PSYoungGen      total 105984K, used 105960K [0x0000000780b80000, 0x0000000787a80000, 0x00000007c0000000)
  eden space 98304K, 100% used [0x0000000780b80000,0x0000000786b80000,0x0000000786b80000)
  from space 7680K, 99% used [0x0000000787300000,0x0000000787a7a020,0x0000000787a80000)
  to   space 7680K, 0% used [0x0000000786b80000,0x0000000786b80000,0x0000000787300000)
 ParOldGen       total 130048K, used 3880K [0x0000000702200000, 0x000000070a100000, 0x0000000780b80000)
  object space 130048K, 2% used [0x0000000702200000,0x00000007025ca000,0x000000070a100000)
 Metaspace       used 4304K, capacity 4874K, committed 5120K, reserved 1056768K
  class space    used 452K, capacity 498K, committed 512K, reserved 1048576K

